<?xml version="1.0" encoding="UTF-8"?>
<testsuite xmlns:xsi="http://www.w3.org/2001/XMLSchema-instance" xsi:noNamespaceSchemaLocation="https://maven.apache.org/surefire/maven-surefire-plugin/xsd/surefire-test-report-3.0.xsd" version="3.0" name="com.mensajeria.escolar.EscolarApplicationTests" time="12.936" tests="1" errors="0" skipped="0" failures="0">
  <properties>
[...]
</properties>
  <testcase name="contextLoads" classname="com.mensajeria.escolar.EscolarApplicationTests" time="0.447">
    <system-out><![CDATA[17:15:19.013 [main] INFO org.springframework.test.context.support.AnnotationConfigContextLoaderUtils -- Could not detect default configuration classes for test class [com.mensajeria.escolar.EscolarApplicationTests]: EscolarApplicationTests does not declare any static, non-private, non-final, nested classes annotated with @Configuration.
17:15:19.105 [main] INFO org.springframework.boot.test.context.SpringBootTestContextBootstrapper -- Found @SpringBootConfiguration com.mensajeria.escolar.EscolarApplication for test class com.mensajeria.escolar.EscolarApplicationTests
17:15:19.265 [main] INFO org.springframework.boot.devtools.restart.RestartApplicationListener -- Restart disabled due to context in which it is running

  .   ____          _            __ _ _
 /\\ / ___'_ __ _ _(_)_ __  __ _ \ \ \ \
( ( )\___ | '_ | '_| | '_ \/ _` | \ \ \ \
 \\/  ___)| |_)| | | | | || (_| |  ) ) ) )
  '  |____| .__|_| |_|_| |_\__, | / / / /
 =========|_|==============|___/=/_/_/_/
 :: Spring Boot ::                (v3.2.5)

2024-07-21T17:15:19.489-03:00  INFO 704 --- [escolar] [           main] c.m.escolar.EscolarApplicationTests      : Starting EscolarApplicationTests using Java 17.0.12 with PID 704 (started by carli in C:\Users\carli\Desktop\Copia Back EduNotify)
2024-07-21T17:15:19.491-03:00  INFO 704 --- [escolar] [           main] c.m.escolar.EscolarApplicationTests      : No active profile set, falling back to 1 default profile: "default"
2024-07-21T17:15:20.184-03:00  INFO 704 --- [escolar] [           main] .s.d.r.c.RepositoryConfigurationDelegate : Bootstrapping Spring Data JPA repositories in DEFAULT mode.
2024-07-21T17:15:20.258-03:00  INFO 704 --- [escolar] [           main] .s.d.r.c.RepositoryConfigurationDelegate : Finished Spring Data repository scanning in 66 ms. Found 6 JPA repository interfaces.
2024-07-21T17:15:20.693-03:00  INFO 704 --- [escolar] [           main] o.hibernate.jpa.internal.util.LogHelper  : HHH000204: Processing PersistenceUnitInfo [name: default]
2024-07-21T17:15:20.749-03:00  INFO 704 --- [escolar] [           main] org.hibernate.Version                    : HHH000412: Hibernate ORM core version 6.4.4.Final
2024-07-21T17:15:20.783-03:00  INFO 704 --- [escolar] [           main] o.h.c.internal.RegionFactoryInitiator    : HHH000026: Second-level cache disabled
2024-07-21T17:15:21.034-03:00  INFO 704 --- [escolar] [           main] o.s.o.j.p.SpringPersistenceUnitInfo      : No LoadTimeWeaver setup: ignoring JPA class transformer
2024-07-21T17:15:21.058-03:00  INFO 704 --- [escolar] [           main] com.zaxxer.hikari.HikariDataSource       : HikariPool-1 - Starting...
2024-07-21T17:15:23.391-03:00  INFO 704 --- [escolar] [           main] com.zaxxer.hikari.pool.HikariPool        : HikariPool-1 - Added connection com.mysql.cj.jdbc.ConnectionImpl@39374689
2024-07-21T17:15:23.393-03:00  INFO 704 --- [escolar] [           main] com.zaxxer.hikari.HikariDataSource       : HikariPool-1 - Start completed.
2024-07-21T17:15:23.986-03:00  WARN 704 --- [escolar] [           main] org.hibernate.orm.deprecation            : HHH90000025: MySQLDialect does not need to be specified explicitly using 'hibernate.dialect' (remove the property setting and it will be selected by default)
2024-07-21T17:15:24.806-03:00  INFO 704 --- [escolar] [           main] o.h.e.t.j.p.i.JtaPlatformInitiator       : HHH000489: No JTA platform available (set 'hibernate.transaction.jta.platform' to enable JTA platform integration)
2024-07-21T17:15:30.336-03:00  INFO 704 --- [escolar] [           main] j.LocalContainerEntityManagerFactoryBean : Initialized JPA EntityManagerFactory for persistence unit 'default'
2024-07-21T17:15:31.038-03:00  INFO 704 --- [escolar] [           main] o.s.s.web.DefaultSecurityFilterChain     : Will secure any request with [org.springframework.security.web.session.DisableEncodeUrlFilter@34947355, org.springframework.security.web.context.request.async.WebAsyncManagerIntegrationFilter@62ad5f35, org.springframework.security.web.context.SecurityContextHolderFilter@a3f1f32, org.springframework.security.web.header.HeaderWriterFilter@24347d8b, org.springframework.web.filter.CorsFilter@5e6ad84c, org.springframework.security.web.authentication.logout.LogoutFilter@4e6add8d, com.mensajeria.escolar.security.config.JwtAuthenticationFilter@7d3faf1d, org.springframework.security.web.savedrequest.RequestCacheAwareFilter@580a5b6e, org.springframework.security.web.servletapi.SecurityContextHolderAwareRequestFilter@66450129, org.springframework.security.web.authentication.AnonymousAuthenticationFilter@4117e0c9, org.springframework.security.web.session.SessionManagementFilter@10efb806, org.springframework.security.web.access.ExceptionTranslationFilter@1d6ed085, org.springframework.security.web.access.intercept.AuthorizationFilter@65067d37]
2024-07-21T17:15:31.355-03:00  INFO 704 --- [escolar] [           main] c.m.escolar.EscolarApplicationTests      : Started EscolarApplicationTests in 12.103 seconds (process running for 13.048)
]]></system-out>
  </testcase>
</testsuite>